<?xml version="1.0" encoding="UTF-8"?>
<testsuite name="com.learnwiremock.service.AnimeRestWireMockTest" tests="1" skipped="0" failures="0" errors="0" timestamp="2024-06-26T16:44:57" hostname="Doctor-Who.local" time="0.38">
  <properties/>
  <testcase name="getAllAnimeAndPrint()" classname="com.learnwiremock.service.AnimeRestWireMockTest" time="0.38"/>
  <system-out><![CDATA[2024-06-26 20:44:57.398 Verbose logging enabled
baseUrl : http://localhost:8088/
2024-06-26 20:44:57.955 Received request to /mappings with body {
  "id" : "a90f4990-2cc0-4936-bef4-c9bee8e6d4e7",
  "request" : {
    "method" : "ANY"
  },
  "response" : {
    "status" : 200,
    "proxyBaseUrl" : "http://localhost:8081"
  },
  "uuid" : "a90f4990-2cc0-4936-bef4-c9bee8e6d4e7"
}
2024-06-26 20:44:58.004 Received request to /mappings with body {
  "id" : "73d68499-25a9-48f2-8d21-f6a57e3d5a59",
  "request" : {
    "method" : "GET"
  },
  "response" : {
    "status" : 200,
    "bodyFileName" : "all-anime.json",
    "headers" : {
      "Content-Type" : "application/json"
    }
  },
  "uuid" : "73d68499-25a9-48f2-8d21-f6a57e3d5a59"
}
]]></system-out>
  <system-err><![CDATA[[Test worker] INFO org.eclipse.jetty.util.log - Logging initialized @567ms
[Test worker] INFO org.eclipse.jetty.server.Server - jetty-9.2.24.v20180105
[Test worker] INFO org.eclipse.jetty.server.handler.ContextHandler - Started o.e.j.s.ServletContextHandler@6408423d{/__admin,null,AVAILABLE}
[Test worker] INFO org.eclipse.jetty.server.handler.ContextHandler - Started o.e.j.s.ServletContextHandler@10263dfa{/,null,AVAILABLE}
[Test worker] INFO org.eclipse.jetty.server.NetworkTrafficServerConnector - Started NetworkTrafficServerConnector@2e326754{HTTP/1.1}{0.0.0.0:8088}
[Test worker] INFO org.eclipse.jetty.server.Server - Started @632ms
[qtp476817815-21] INFO /__admin - RequestHandlerClass from context returned com.github.tomakehurst.wiremock.http.AdminRequestHandler. Normalized mapped under returned 'null'
[Test worker] INFO org.eclipse.jetty.server.NetworkTrafficServerConnector - Stopped NetworkTrafficServerConnector@2e326754{HTTP/1.1}{0.0.0.0:8088}
[Test worker] INFO org.eclipse.jetty.server.handler.ContextHandler - Stopped o.e.j.s.ServletContextHandler@10263dfa{/,null,UNAVAILABLE}
[Test worker] INFO org.eclipse.jetty.server.handler.ContextHandler - Stopped o.e.j.s.ServletContextHandler@6408423d{/__admin,null,UNAVAILABLE}
[Test worker] WARN org.eclipse.jetty.util.thread.QueuedThreadPool - qtp476817815{STOPPING,8<=8<=10,i=6,q=6} Couldn't stop Thread[qtp476817815-24,5,]
[Test worker] WARN org.eclipse.jetty.util.thread.QueuedThreadPool - qtp476817815{STOPPING,8<=8<=10,i=3,q=6} Couldn't stop Thread[qtp476817815-18,5,main]
[Test worker] WARN org.eclipse.jetty.util.thread.QueuedThreadPool - qtp476817815{STOPPING,8<=8<=10,i=3,q=5} Couldn't stop Thread[qtp476817815-20,5,]
[Test worker] WARN org.eclipse.jetty.util.thread.QueuedThreadPool - qtp476817815{STOPPING,8<=8<=10,i=1,q=5} Couldn't stop Thread[qtp476817815-23,5,main]
]]></system-err>
</testsuite>
