<?xml version="1.0" encoding="UTF-8"?>
<testsuite name="com.learnwiremock.service.AnimeRestWireMockTest" tests="1" skipped="0" failures="0" errors="0" timestamp="2024-06-26T22:52:03" hostname="Doctor-Who.local" time="0.6">
  <properties/>
  <testcase name="deleteAnime()" classname="com.learnwiremock.service.AnimeRestWireMockTest" time="0.6"/>
  <system-out><![CDATA[2024-06-27 02:52:02.894 Verbose logging enabled
baseUrl : http://localhost:8088/
2024-06-27 02:52:03.475 Received request to /mappings with body {
  "id" : "5d8e9481-4ac6-46e3-8d2b-d4cf3d6fed17",
  "request" : {
    "method" : "ANY"
  },
  "response" : {
    "status" : 200,
    "proxyBaseUrl" : "http://localhost:8081"
  },
  "uuid" : "5d8e9481-4ac6-46e3-8d2b-d4cf3d6fed17"
}
2024-06-27 02:52:03.517 Received request to /mappings with body {
  "id" : "a2bb5ca0-0c93-472e-87d8-bd23a3a51e2b",
  "request" : {
    "urlPath" : "/animes/4",
    "method" : "DELETE"
  },
  "response" : {
    "status" : 200,
    "body" : "Deleted anime with id: 4",
    "headers" : {
      "Content-Type" : "application/json"
    }
  },
  "uuid" : "a2bb5ca0-0c93-472e-87d8-bd23a3a51e2b"
}
2024-06-27 02:52:03.723 Request received:
127.0.0.1 - DELETE /animes/4

User-Agent: [ReactorNetty/0.8.9.RELEASE]
Host: [localhost:8088]
Accept-Encoding: [gzip]
Accept: [*/*]



Matched response definition:
{
  "status" : 200,
  "body" : "Deleted anime with id: 4",
  "headers" : {
    "Content-Type" : "application/json"
  }
}

Response:
HTTP/1.1 200
Content-Type: [application/json]
Matched-Stub-Id: [a2bb5ca0-0c93-472e-87d8-bd23a3a51e2b]


]]></system-out>
  <system-err><![CDATA[[Test worker] INFO org.eclipse.jetty.util.log - Logging initialized @666ms
[Test worker] INFO org.eclipse.jetty.server.Server - jetty-9.2.24.v20180105
[Test worker] INFO org.eclipse.jetty.server.handler.ContextHandler - Started o.e.j.s.ServletContextHandler@48ac195d{/__admin,null,AVAILABLE}
[Test worker] INFO org.eclipse.jetty.server.handler.ContextHandler - Started o.e.j.s.ServletContextHandler@40e686ab{/,null,AVAILABLE}
[Test worker] INFO org.eclipse.jetty.server.NetworkTrafficServerConnector - Started NetworkTrafficServerConnector@447d3690{HTTP/1.1}{0.0.0.0:8088}
[Test worker] INFO org.eclipse.jetty.server.Server - Started @736ms
[qtp1398270439-21] INFO /__admin - RequestHandlerClass from context returned com.github.tomakehurst.wiremock.http.AdminRequestHandler. Normalized mapped under returned 'null'
[qtp1398270439-23] INFO / - RequestHandlerClass from context returned com.github.tomakehurst.wiremock.http.StubRequestHandler. Normalized mapped under returned 'null'
[reactor-http-nio-4] INFO com.learnwiremock.service.AnimeRestClient - Successfully deleted anime ID: 4
[Test worker] INFO org.eclipse.jetty.server.NetworkTrafficServerConnector - Stopped NetworkTrafficServerConnector@447d3690{HTTP/1.1}{0.0.0.0:8088}
[Test worker] INFO org.eclipse.jetty.server.handler.ContextHandler - Stopped o.e.j.s.ServletContextHandler@40e686ab{/,null,UNAVAILABLE}
[Test worker] INFO org.eclipse.jetty.server.handler.ContextHandler - Stopped o.e.j.s.ServletContextHandler@48ac195d{/__admin,null,UNAVAILABLE}
]]></system-err>
</testsuite>
